============ test session starts =============
platform win32 -- Python 3.11.14, pytest-9.0.2, pluggy-1.6.0 -- C:\Users\skyfr\Documents\day-trading-options-tool\backend\.venv\Scripts\python.exe
cachedir: .pytest_cache
rootdir: C:\Users\skyfr\Documents\day-trading-options-tool\backend
configfile: pyproject.toml
plugins: anyio-3.7.1, asyncio-1.3.0
asyncio: mode=Mode.AUTO, debug=False, asyncio_default_fixture_loop_scope=None, asyncio_default_test_loop_scope=function
collecting ... collected 1 item

tests/test_finance_flow_integration.py::TestProfilesRouter::test_get_my_profile PASSED [100%]

============== warnings summary ==============
app\schemas\watchlist.py:15
  C:\Users\skyfr\Documents\day-trading-options-tool\backend\app\schemas\watchlist.py:15: PydanticDeprecatedSince20: Pydantic V1 style `@validator` validators are deprecated. You should migrate to Pydantic V2 style `@field_validator` validators, see the migration guide for more details. Deprecated in Pydantic V2.0 to be removed in V3.0. See Pydantic V2 Migration Guide at https://errors.pydantic.dev/2.12/migration/
    @validator('symbol')

app\schemas\watchlist.py:25
  C:\Users\skyfr\Documents\day-trading-options-tool\backend\app\schemas\watchlist.py:25: PydanticDeprecatedSince20: Support for class-based `config` is deprecated, use ConfigDict instead. Deprecated in Pydantic V2.0 to be removed in V3.0. See Pydantic V2 Migration Guide at https://errors.pydantic.dev/2.12/migration/
    class TickerWatchlistResponse(TickerWatchlistBase):

app\schemas\watchlist.py:47
  C:\Users\skyfr\Documents\day-trading-options-tool\backend\app\schemas\watchlist.py:47: PydanticDeprecatedSince20: Pydantic V1 style `@validator` validators are deprecated. You should migrate to Pydantic V2 style `@field_validator` validators, see the migration guide for more details. Deprecated in Pydantic V2.0 to be removed in V3.0. See Pydantic V2 Migration Guide at https://errors.pydantic.dev/2.12/migration/
    @validator('ticker')

app\schemas\watchlist.py:51
  C:\Users\skyfr\Documents\day-trading-options-tool\backend\app\schemas\watchlist.py:51: PydanticDeprecatedSince20: Pydantic V1 style `@validator` validators are deprecated. You should migrate to Pydantic V2 style `@field_validator` validators, see the migration guide for more details. Deprecated in Pydantic V2.0 to be removed in V3.0. See Pydantic V2 Migration Guide at https://errors.pydantic.dev/2.12/migration/
    @validator('option_type')

app\schemas\watchlist.py:61
  C:\Users\skyfr\Documents\day-trading-options-tool\backend\app\schemas\watchlist.py:61: PydanticDeprecatedSince20: Support for class-based `config` is deprecated, use ConfigDict instead. Deprecated in Pydantic V2.0 to be removed in V3.0. See Pydantic V2 Migration Guide at https://errors.pydantic.dev/2.12/migration/
    class OptionWatchlistResponse(OptionWatchlistBase):

app\schemas\personal_finance.py:96
  C:\Users\skyfr\Documents\day-trading-options-tool\backend\app\schemas\personal_finance.py:96: PydanticDeprecatedSince20: Pydantic V1 style `@validator` validators are deprecated. You should migrate to Pydantic V2 style `@field_validator` validators, see the migration guide for more details. Deprecated in Pydantic V2.0 to be removed in V3.0. See Pydantic V2 Migration Guide at https://errors.pydantic.dev/2.12/migration/
    @validator('name')

app\schemas\personal_finance.py:100
  C:\Users\skyfr\Documents\day-trading-options-tool\backend\app\schemas\personal_finance.py:100: PydanticDeprecatedSince20: Pydantic V1 style `@validator` validators are deprecated. You should migrate to Pydantic V2 style `@field_validator` validators, see the migration guide for more details. Deprecated in Pydantic V2.0 to be removed in V3.0. See Pydantic V2 Migration Guide at https://errors.pydantic.dev/2.12/migration/
    @validator('brand_key')

app\schemas\personal_finance.py:111
  C:\Users\skyfr\Documents\day-trading-options-tool\backend\app\schemas\personal_finance.py:111: PydanticDeprecatedSince20: Support for class-based `config` is deprecated, use ConfigDict instead. Deprecated in Pydantic V2.0 to be removed in V3.0. See Pydantic V2 Migration Guide at https://errors.pydantic.dev/2.12/migration/
    class InstitutionResponse(BaseModel):

app\schemas\personal_finance.py:142
  C:\Users\skyfr\Documents\day-trading-options-tool\backend\app\schemas\personal_finance.py:142: PydanticDeprecatedSince20: Support for class-based `config` is deprecated, use ConfigDict instead. Deprecated in Pydantic V2.0 to be removed in V3.0. See Pydantic V2 Migration Guide at https://errors.pydantic.dev/2.12/migration/
    class ConnectionResponse(BaseModel):

app\schemas\personal_finance.py:197
  C:\Users\skyfr\Documents\day-trading-options-tool\backend\app\schemas\personal_finance.py:197: PydanticDeprecatedSince20: Support for class-based `config` is deprecated, use ConfigDict instead. Deprecated in Pydantic V2.0 to be removed in V3.0. See Pydantic V2 Migration Guide at https://errors.pydantic.dev/2.12/migration/
    class AccountResponse(BaseModel):

app\schemas\personal_finance.py:240
  C:\Users\skyfr\Documents\day-trading-options-tool\backend\app\schemas\personal_finance.py:240: PydanticDeprecatedSince20: Pydantic V1 style `@validator` validators are deprecated. You should migrate to Pydantic V2 style `@field_validator` validators, see the migration guide for more details. Deprecated in Pydantic V2.0 to be removed in V3.0. See Pydantic V2 Migration Guide at https://errors.pydantic.dev/2.12/migration/
    @validator('symbol')

app\schemas\personal_finance.py:252
  C:\Users\skyfr\Documents\day-trading-options-tool\backend\app\schemas\personal_finance.py:252: PydanticDeprecatedSince20: Support for class-based `config` is deprecated, use ConfigDict instead. Deprecated in Pydantic V2.0 to be removed in V3.0. See Pydantic V2 Migration Guide at https://errors.pydantic.dev/2.12/migration/
    class SecurityResponse(BaseModel):

app\schemas\personal_finance.py:287
  C:\Users\skyfr\Documents\day-trading-options-tool\backend\app\schemas\personal_finance.py:287: PydanticDeprecatedSince20: Support for class-based `config` is deprecated, use ConfigDict instead. Deprecated in Pydantic V2.0 to be removed in V3.0. See Pydantic V2 Migration Guide at https://errors.pydantic.dev/2.12/migration/
    class HoldingResponse(BaseModel):

app\schemas\personal_finance.py:354
  C:\Users\skyfr\Documents\day-trading-options-tool\backend\app\schemas\personal_finance.py:354: PydanticDeprecatedSince20: Support for class-based `config` is deprecated, use ConfigDict instead. Deprecated in Pydantic V2.0 to be removed in V3.0. See Pydantic V2 Migration Guide at https://errors.pydantic.dev/2.12/migration/
    class TransactionResponse(BaseModel):

app\schemas\personal_finance.py:419
  C:\Users\skyfr\Documents\day-trading-options-tool\backend\app\schemas\personal_finance.py:419: PydanticDeprecatedSince20: Support for class-based `config` is deprecated, use ConfigDict instead. Deprecated in Pydantic V2.0 to be removed in V3.0. See Pydantic V2 Migration Guide at https://errors.pydantic.dev/2.12/migration/
    class SyncJobResponse(BaseModel):

app\schemas\auth.py:33
  C:\Users\skyfr\Documents\day-trading-options-tool\backend\app\schemas\auth.py:33: PydanticDeprecatedSince20: Support for class-based `config` is deprecated, use ConfigDict instead. Deprecated in Pydantic V2.0 to be removed in V3.0. See Pydantic V2 Migration Guide at https://errors.pydantic.dev/2.12/migration/
    class UserResponse(BaseModel):

app\schemas\options.py:10
  C:\Users\skyfr\Documents\day-trading-options-tool\backend\app\schemas\options.py:10: PydanticDeprecatedSince20: Pydantic V1 style `@validator` validators are deprecated. You should migrate to Pydantic V2 style `@field_validator` validators, see the migration guide for more details. Deprecated in Pydantic V2.0 to be removed in V3.0. See Pydantic V2 Migration Guide at https://errors.pydantic.dev/2.12/migration/
    @validator('ticker')

app\schemas\options.py:44
  C:\Users\skyfr\Documents\day-trading-options-tool\backend\app\schemas\options.py:44: PydanticDeprecatedSince20: Pydantic V1 style `@validator` validators are deprecated. You should migrate to Pydantic V2 style `@field_validator` validators, see the migration guide for more details. Deprecated in Pydantic V2.0 to be removed in V3.0. See Pydantic V2 Migration Guide at https://errors.pydantic.dev/2.12/migration/
    @validator('ticker')

app\schemas\options.py:87
  C:\Users\skyfr\Documents\day-trading-options-tool\backend\app\schemas\options.py:87: PydanticDeprecatedSince20: Pydantic V1 style `@validator` validators are deprecated. You should migrate to Pydantic V2 style `@field_validator` validators, see the migration guide for more details. Deprecated in Pydantic V2.0 to be removed in V3.0. See Pydantic V2 Migration Guide at https://errors.pydantic.dev/2.12/migration/
    @validator('ticker')

app\schemas\options.py:105
  C:\Users\skyfr\Documents\day-trading-options-tool\backend\app\schemas\options.py:105: PydanticDeprecatedSince20: Pydantic V1 style `@validator` validators are deprecated. You should migrate to Pydantic V2 style `@field_validator` validators, see the migration guide for more details. Deprecated in Pydantic V2.0 to be removed in V3.0. See Pydantic V2 Migration Guide at https://errors.pydantic.dev/2.12/migration/
    @validator('ticker')

app\schemas\options.py:185
  C:\Users\skyfr\Documents\day-trading-options-tool\backend\app\schemas\options.py:185: PydanticDeprecatedSince20: Pydantic V1 style `@validator` validators are deprecated. You should migrate to Pydantic V2 style `@field_validator` validators, see the migration guide for more details. Deprecated in Pydantic V2.0 to be removed in V3.0. See Pydantic V2 Migration Guide at https://errors.pydantic.dev/2.12/migration/
    @validator('ticker')

app\schemas\trades.py:27
  C:\Users\skyfr\Documents\day-trading-options-tool\backend\app\schemas\trades.py:27: PydanticDeprecatedSince20: Pydantic V1 style `@validator` validators are deprecated. You should migrate to Pydantic V2 style `@field_validator` validators, see the migration guide for more details. Deprecated in Pydantic V2.0 to be removed in V3.0. See Pydantic V2 Migration Guide at https://errors.pydantic.dev/2.12/migration/
    @validator('contract_symbol')

app\schemas\trades.py:31
  C:\Users\skyfr\Documents\day-trading-options-tool\backend\app\schemas\trades.py:31: PydanticDeprecatedSince20: Pydantic V1 style `@validator` validators are deprecated. You should migrate to Pydantic V2 style `@field_validator` validators, see the migration guide for more details. Deprecated in Pydantic V2.0 to be removed in V3.0. See Pydantic V2 Migration Guide at https://errors.pydantic.dev/2.12/migration/
    @validator('ticker')

app\schemas\trades.py:50
  C:\Users\skyfr\Documents\day-trading-options-tool\backend\app\schemas\trades.py:50: PydanticDeprecatedSince20: Support for class-based `config` is deprecated, use ConfigDict instead. Deprecated in Pydantic V2.0 to be removed in V3.0. See Pydantic V2 Migration Guide at https://errors.pydantic.dev/2.12/migration/
    class TradeResponse(BaseModel):

app\schemas\trades.py:82
  C:\Users\skyfr\Documents\day-trading-options-tool\backend\app\schemas\trades.py:82: PydanticDeprecatedSince20: Pydantic V1 style `@validator` validators are deprecated. You should migrate to Pydantic V2 style `@field_validator` validators, see the migration guide for more details. Deprecated in Pydantic V2.0 to be removed in V3.0. See Pydantic V2 Migration Guide at https://errors.pydantic.dev/2.12/migration/
    @validator('ticker')

app\schemas\trades.py:120
  C:\Users\skyfr\Documents\day-trading-options-tool\backend\app\schemas\trades.py:120: PydanticDeprecatedSince20: `min_items` is deprecated and will be removed, use `min_length` instead. Deprecated in Pydantic V2.0 to be removed in V3.0. See Pydantic V2 Migration Guide at https://errors.pydantic.dev/2.12/migration/
    trade_ids: List[int] = Field(..., min_items=1, max_items=100, description="List of trade IDs")

app\schemas\trades.py:120
  C:\Users\skyfr\Documents\day-trading-options-tool\backend\app\schemas\trades.py:120: PydanticDeprecatedSince20: `max_items` is deprecated and will be removed, use `max_length` instead. Deprecated in Pydantic V2.0 to be removed in V3.0. See Pydantic V2 Migration Guide at https://errors.pydantic.dev/2.12/migration/
    trade_ids: List[int] = Field(..., min_items=1, max_items=100, description="List of trade IDs")

app\schemas\trades.py:126
  C:\Users\skyfr\Documents\day-trading-options-tool\backend\app\schemas\trades.py:126: PydanticDeprecatedSince20: `min_items` is deprecated and will be removed, use `min_length` instead. Deprecated in Pydantic V2.0 to be removed in V3.0. See Pydantic V2 Migration Guide at https://errors.pydantic.dev/2.12/migration/
    trade_ids: List[int] = Field(..., min_items=1, max_items=100, description="List of trade IDs")

app\schemas\trades.py:126
  C:\Users\skyfr\Documents\day-trading-options-tool\backend\app\schemas\trades.py:126: PydanticDeprecatedSince20: `max_items` is deprecated and will be removed, use `max_length` instead. Deprecated in Pydantic V2.0 to be removed in V3.0. See Pydantic V2 Migration Guide at https://errors.pydantic.dev/2.12/migration/
    trade_ids: List[int] = Field(..., min_items=1, max_items=100, description="List of trade IDs")

app\schemas\trades.py:153
  C:\Users\skyfr\Documents\day-trading-options-tool\backend\app\schemas\trades.py:153: PydanticDeprecatedSince20: Pydantic V1 style `@validator` validators are deprecated. You should migrate to Pydantic V2 style `@field_validator` validators, see the migration guide for more details. Deprecated in Pydantic V2.0 to be removed in V3.0. See Pydantic V2 Migration Guide at https://errors.pydantic.dev/2.12/migration/
    @validator('symbol')

app\schemas\trades.py:157
  C:\Users\skyfr\Documents\day-trading-options-tool\backend\app\schemas\trades.py:157: PydanticDeprecatedSince20: Pydantic V1 style `@validator` validators are deprecated. You should migrate to Pydantic V2 style `@field_validator` validators, see the migration guide for more details. Deprecated in Pydantic V2.0 to be removed in V3.0. See Pydantic V2 Migration Guide at https://errors.pydantic.dev/2.12/migration/
    @validator('trade_type')

app\schemas\strategies.py:38
  C:\Users\skyfr\Documents\day-trading-options-tool\backend\app\schemas\strategies.py:38: PydanticDeprecatedSince20: Pydantic V1 style `@validator` validators are deprecated. You should migrate to Pydantic V2 style `@field_validator` validators, see the migration guide for more details. Deprecated in Pydantic V2.0 to be removed in V3.0. See Pydantic V2 Migration Guide at https://errors.pydantic.dev/2.12/migration/
    @validator('name')

app\schemas\strategies.py:52
  C:\Users\skyfr\Documents\day-trading-options-tool\backend\app\schemas\strategies.py:52: PydanticDeprecatedSince20: Pydantic V1 style `@validator` validators are deprecated. You should migrate to Pydantic V2 style `@field_validator` validators, see the migration guide for more details. Deprecated in Pydantic V2.0 to be removed in V3.0. See Pydantic V2 Migration Guide at https://errors.pydantic.dev/2.12/migration/
    @validator('name')

app\schemas\strategies.py:57
  C:\Users\skyfr\Documents\day-trading-options-tool\backend\app\schemas\strategies.py:57: PydanticDeprecatedSince20: Support for class-based `config` is deprecated, use ConfigDict instead. Deprecated in Pydantic V2.0 to be removed in V3.0. See Pydantic V2 Migration Guide at https://errors.pydantic.dev/2.12/migration/
    class StrategyResponse(BaseModel):

app\schemas\strategies.py:89
  C:\Users\skyfr\Documents\day-trading-options-tool\backend\app\schemas\strategies.py:89: PydanticDeprecatedSince20: Pydantic V1 style `@validator` validators are deprecated. You should migrate to Pydantic V2 style `@field_validator` validators, see the migration guide for more details. Deprecated in Pydantic V2.0 to be removed in V3.0. See Pydantic V2 Migration Guide at https://errors.pydantic.dev/2.12/migration/
    @validator('name')

app\schemas\strategies.py:105
  C:\Users\skyfr\Documents\day-trading-options-tool\backend\app\schemas\strategies.py:105: PydanticDeprecatedSince20: Pydantic V1 style `@validator` validators are deprecated. You should migrate to Pydantic V2 style `@field_validator` validators, see the migration guide for more details. Deprecated in Pydantic V2.0 to be removed in V3.0. See Pydantic V2 Migration Guide at https://errors.pydantic.dev/2.12/migration/
    @validator('name')

app\schemas\strategies.py:110
  C:\Users\skyfr\Documents\day-trading-options-tool\backend\app\schemas\strategies.py:110: PydanticDeprecatedSince20: Support for class-based `config` is deprecated, use ConfigDict instead. Deprecated in Pydantic V2.0 to be removed in V3.0. See Pydantic V2 Migration Guide at https://errors.pydantic.dev/2.12/migration/
    class CustomStrategyResponse(BaseModel):

app\schemas\strategies.py:220
  C:\Users\skyfr\Documents\day-trading-options-tool\backend\app\schemas\strategies.py:220: PydanticDeprecatedSince20: Support for class-based `config` is deprecated, use ConfigDict instead. Deprecated in Pydantic V2.0 to be removed in V3.0. See Pydantic V2 Migration Guide at https://errors.pydantic.dev/2.12/migration/
    class StrategyLogResponse(BaseModel):

app\schemas\strategies.py:237
  C:\Users\skyfr\Documents\day-trading-options-tool\backend\app\schemas\strategies.py:237: PydanticDeprecatedSince20: `min_items` is deprecated and will be removed, use `min_length` instead. Deprecated in Pydantic V2.0 to be removed in V3.0. See Pydantic V2 Migration Guide at https://errors.pydantic.dev/2.12/migration/
    strategy_ids: List[int] = Field(..., min_items=1, max_items=100, description="List of strategy IDs")

app\schemas\strategies.py:237
  C:\Users\skyfr\Documents\day-trading-options-tool\backend\app\schemas\strategies.py:237: PydanticDeprecatedSince20: `max_items` is deprecated and will be removed, use `max_length` instead. Deprecated in Pydantic V2.0 to be removed in V3.0. See Pydantic V2 Migration Guide at https://errors.pydantic.dev/2.12/migration/
    strategy_ids: List[int] = Field(..., min_items=1, max_items=100, description="List of strategy IDs")

app\schemas\notifications.py:58
  C:\Users\skyfr\Documents\day-trading-options-tool\backend\app\schemas\notifications.py:58: PydanticDeprecatedSince20: Pydantic V1 style `@validator` validators are deprecated. You should migrate to Pydantic V2 style `@field_validator` validators, see the migration guide for more details. Deprecated in Pydantic V2.0 to be removed in V3.0. See Pydantic V2 Migration Guide at https://errors.pydantic.dev/2.12/migration/
    @validator('title')

app\schemas\notifications.py:62
  C:\Users\skyfr\Documents\day-trading-options-tool\backend\app\schemas\notifications.py:62: PydanticDeprecatedSince20: Pydantic V1 style `@validator` validators are deprecated. You should migrate to Pydantic V2 style `@field_validator` validators, see the migration guide for more details. Deprecated in Pydantic V2.0 to be removed in V3.0. See Pydantic V2 Migration Guide at https://errors.pydantic.dev/2.12/migration/
    @validator('message')

app\schemas\notifications.py:74
  C:\Users\skyfr\Documents\day-trading-options-tool\backend\app\schemas\notifications.py:74: PydanticDeprecatedSince20: Support for class-based `config` is deprecated, use ConfigDict instead. Deprecated in Pydantic V2.0 to be removed in V3.0. See Pydantic V2 Migration Guide at https://errors.pydantic.dev/2.12/migration/
    class NotificationResponse(BaseModel):

app\schemas\notifications.py:135
  C:\Users\skyfr\Documents\day-trading-options-tool\backend\app\schemas\notifications.py:135: PydanticDeprecatedSince20: Pydantic V1 style `@validator` validators are deprecated. You should migrate to Pydantic V2 style `@field_validator` validators, see the migration guide for more details. Deprecated in Pydantic V2.0 to be removed in V3.0. See Pydantic V2 Migration Guide at https://errors.pydantic.dev/2.12/migration/
    @validator('name')

app\schemas\notifications.py:140
  C:\Users\skyfr\Documents\day-trading-options-tool\backend\app\schemas\notifications.py:140: PydanticDeprecatedSince20: Support for class-based `config` is deprecated, use ConfigDict instead. Deprecated in Pydantic V2.0 to be removed in V3.0. See Pydantic V2 Migration Guide at https://errors.pydantic.dev/2.12/migration/
    class NotificationTemplateResponse(BaseModel):

app\schemas\notifications.py:161
  C:\Users\skyfr\Documents\day-trading-options-tool\backend\app\schemas\notifications.py:161: PydanticDeprecatedSince20: `min_items` is deprecated and will be removed, use `min_length` instead. Deprecated in Pydantic V2.0 to be removed in V3.0. See Pydantic V2 Migration Guide at https://errors.pydantic.dev/2.12/migration/
    notification_ids: List[int] = Field(..., min_items=1, max_items=100, description="List of notification IDs")

app\schemas\notifications.py:161
  C:\Users\skyfr\Documents\day-trading-options-tool\backend\app\schemas\notifications.py:161: PydanticDeprecatedSince20: `max_items` is deprecated and will be removed, use `max_length` instead. Deprecated in Pydantic V2.0 to be removed in V3.0. See Pydantic V2 Migration Guide at https://errors.pydantic.dev/2.12/migration/
    notification_ids: List[int] = Field(..., min_items=1, max_items=100, description="List of notification IDs")

app\schemas\notifications.py:173
  C:\Users\skyfr\Documents\day-trading-options-tool\backend\app\schemas\notifications.py:173: PydanticDeprecatedSince20: `min_items` is deprecated and will be removed, use `min_length` instead. Deprecated in Pydantic V2.0 to be removed in V3.0. See Pydantic V2 Migration Guide at https://errors.pydantic.dev/2.12/migration/
    user_ids: List[int] = Field(..., min_items=1, max_items=1000, description="List of user IDs")

app\schemas\notifications.py:173
  C:\Users\skyfr\Documents\day-trading-options-tool\backend\app\schemas\notifications.py:173: PydanticDeprecatedSince20: `max_items` is deprecated and will be removed, use `max_length` instead. Deprecated in Pydantic V2.0 to be removed in V3.0. See Pydantic V2 Migration Guide at https://errors.pydantic.dev/2.12/migration/
    user_ids: List[int] = Field(..., min_items=1, max_items=1000, description="List of user IDs")

app\schemas\notifications.py:192
  C:\Users\skyfr\Documents\day-trading-options-tool\backend\app\schemas\notifications.py:192: PydanticDeprecatedSince20: Support for class-based `config` is deprecated, use ConfigDict instead. Deprecated in Pydantic V2.0 to be removed in V3.0. See Pydantic V2 Migration Guide at https://errors.pydantic.dev/2.12/migration/
    class NotificationSettingsResponse(BaseModel):

app\schemas\custom_strategies.py:57
  C:\Users\skyfr\Documents\day-trading-options-tool\backend\app\schemas\custom_strategies.py:57: PydanticDeprecatedSince20: Pydantic V1 style `@validator` validators are deprecated. You should migrate to Pydantic V2 style `@field_validator` validators, see the migration guide for more details. Deprecated in Pydantic V2.0 to be removed in V3.0. See Pydantic V2 Migration Guide at https://errors.pydantic.dev/2.12/migration/
    @validator('name')

app\schemas\custom_strategies.py:61
  C:\Users\skyfr\Documents\day-trading-options-tool\backend\app\schemas\custom_strategies.py:61: PydanticDeprecatedSince20: Pydantic V1 style `@validator` validators are deprecated. You should migrate to Pydantic V2 style `@field_validator` validators, see the migration guide for more details. Deprecated in Pydantic V2.0 to be removed in V3.0. See Pydantic V2 Migration Guide at https://errors.pydantic.dev/2.12/migration/
    @validator('code')

app\schemas\custom_strategies.py:70
  C:\Users\skyfr\Documents\day-trading-options-tool\backend\app\schemas\custom_strategies.py:70: PydanticDeprecatedSince20: Pydantic V1 style `@validator` validators are deprecated. You should migrate to Pydantic V2 style `@field_validator` validators, see the migration guide for more details. Deprecated in Pydantic V2.0 to be removed in V3.0. See Pydantic V2 Migration Guide at https://errors.pydantic.dev/2.12/migration/
    @validator('schedule_value')

app\schemas\custom_strategies.py:104
  C:\Users\skyfr\Documents\day-trading-options-tool\backend\app\schemas\custom_strategies.py:104: PydanticDeprecatedSince20: Support for class-based `config` is deprecated, use ConfigDict instead. Deprecated in Pydantic V2.0 to be removed in V3.0. See Pydantic V2 Migration Guide at https://errors.pydantic.dev/2.12/migration/
    class CustomStrategyResponse(BaseModel):

app\schemas\custom_strategies.py:164
  C:\Users\skyfr\Documents\day-trading-options-tool\backend\app\schemas\custom_strategies.py:164: PydanticDeprecatedSince20: Support for class-based `config` is deprecated, use ConfigDict instead. Deprecated in Pydantic V2.0 to be removed in V3.0. See Pydantic V2 Migration Guide at https://errors.pydantic.dev/2.12/migration/
    class StrategyLogResponse(BaseModel):

app\schemas\custom_strategies.py:220
  C:\Users\skyfr\Documents\day-trading-options-tool\backend\app\schemas\custom_strategies.py:220: PydanticDeprecatedSince20: Support for class-based `config` is deprecated, use ConfigDict instead. Deprecated in Pydantic V2.0 to be removed in V3.0. See Pydantic V2 Migration Guide at https://errors.pydantic.dev/2.12/migration/
    class StrategyTemplateResponse(BaseModel):

app\schemas\custom_strategies.py:301
  C:\Users\skyfr\Documents\day-trading-options-tool\backend\app\schemas\custom_strategies.py:301: PydanticDeprecatedSince20: Support for class-based `config` is deprecated, use ConfigDict instead. Deprecated in Pydantic V2.0 to be removed in V3.0. See Pydantic V2 Migration Guide at https://errors.pydantic.dev/2.12/migration/
    class StrategySignalResponse(BaseModel):

app\schemas\custom_strategies.py:376
  C:\Users\skyfr\Documents\day-trading-options-tool\backend\app\schemas\custom_strategies.py:376: PydanticDeprecatedSince20: `min_items` is deprecated and will be removed, use `min_length` instead. Deprecated in Pydantic V2.0 to be removed in V3.0. See Pydantic V2 Migration Guide at https://errors.pydantic.dev/2.12/migration/
    strategy_ids: List[int] = Field(..., min_items=1, max_items=100, description="List of strategy IDs")

app\schemas\custom_strategies.py:376
  C:\Users\skyfr\Documents\day-trading-options-tool\backend\app\schemas\custom_strategies.py:376: PydanticDeprecatedSince20: `max_items` is deprecated and will be removed, use `max_length` instead. Deprecated in Pydantic V2.0 to be removed in V3.0. See Pydantic V2 Migration Guide at https://errors.pydantic.dev/2.12/migration/
    strategy_ids: List[int] = Field(..., min_items=1, max_items=100, description="List of strategy IDs")

app\schemas\integrations.py:29
  C:\Users\skyfr\Documents\day-trading-options-tool\backend\app\schemas\integrations.py:29: PydanticDeprecatedSince20: Pydantic V1 style `@validator` validators are deprecated. You should migrate to Pydantic V2 style `@field_validator` validators, see the migration guide for more details. Deprecated in Pydantic V2.0 to be removed in V3.0. See Pydantic V2 Migration Guide at https://errors.pydantic.dev/2.12/migration/
    @validator('*', pre=True)

app\schemas\integrations.py:75
  C:\Users\skyfr\Documents\day-trading-options-tool\backend\app\schemas\integrations.py:75: PydanticDeprecatedSince20: Pydantic V1 style `@validator` validators are deprecated. You should migrate to Pydantic V2 style `@field_validator` validators, see the migration guide for more details. Deprecated in Pydantic V2.0 to be removed in V3.0. See Pydantic V2 Migration Guide at https://errors.pydantic.dev/2.12/migration/
    @validator('credentials')

app\schemas\user_role.py:13
  C:\Users\skyfr\Documents\day-trading-options-tool\backend\app\schemas\user_role.py:13: PydanticDeprecatedSince20: Support for class-based `config` is deprecated, use ConfigDict instead. Deprecated in Pydantic V2.0 to be removed in V3.0. See Pydantic V2 Migration Guide at https://errors.pydantic.dev/2.12/migration/
    class UserRoleResponse(BaseModel):

app\schemas\connected_accounts.py:30
  C:\Users\skyfr\Documents\day-trading-options-tool\backend\app\schemas\connected_accounts.py:30: PydanticDeprecatedSince20: Support for class-based `config` is deprecated, use ConfigDict instead. Deprecated in Pydantic V2.0 to be removed in V3.0. See Pydantic V2 Migration Guide at https://errors.pydantic.dev/2.12/migration/
    class ConnectedAccountResponse(ConnectedAccountBase):

app\schemas\market_data_subscription.py:37
  C:\Users\skyfr\Documents\day-trading-options-tool\backend\app\schemas\market_data_subscription.py:37: PydanticDeprecatedSince20: Support for class-based `config` is deprecated, use ConfigDict instead. Deprecated in Pydantic V2.0 to be removed in V3.0. See Pydantic V2 Migration Guide at https://errors.pydantic.dev/2.12/migration/
    class MarketDataSubscriptionResponse(BaseModel):

app\schemas\net_worth.py:17
  C:\Users\skyfr\Documents\day-trading-options-tool\backend\app\schemas\net_worth.py:17: PydanticDeprecatedSince20: Support for class-based `config` is deprecated, use ConfigDict instead. Deprecated in Pydantic V2.0 to be removed in V3.0. See Pydantic V2 Migration Guide at https://errors.pydantic.dev/2.12/migration/
    class NetWorthHistoryResponse(BaseModel):

app\schemas\net_worth.py:57
  C:\Users\skyfr\Documents\day-trading-options-tool\backend\app\schemas\net_worth.py:57: PydanticDeprecatedSince20: Support for class-based `config` is deprecated, use ConfigDict instead. Deprecated in Pydantic V2.0 to be removed in V3.0. See Pydantic V2 Migration Guide at https://errors.pydantic.dev/2.12/migration/
    class NetWorthGoalResponse(BaseModel):

app\schemas\custom_notification_rule.py:43
  C:\Users\skyfr\Documents\day-trading-options-tool\backend\app\schemas\custom_notification_rule.py:43: PydanticDeprecatedSince20: Support for class-based `config` is deprecated, use ConfigDict instead. Deprecated in Pydantic V2.0 to be removed in V3.0. See Pydantic V2 Migration Guide at https://errors.pydantic.dev/2.12/migration/
    class CustomNotificationRuleResponse(BaseModel):

app\schemas\notification_settings.py:18
  C:\Users\skyfr\Documents\day-trading-options-tool\backend\app\schemas\notification_settings.py:18: PydanticDeprecatedSince20: Support for class-based `config` is deprecated, use ConfigDict instead. Deprecated in Pydantic V2.0 to be removed in V3.0. See Pydantic V2 Migration Guide at https://errors.pydantic.dev/2.12/migration/
    class NotificationSettingsResponse(BaseModel):

-- Docs: https://docs.pytest.org/en/stable/how-to/capture-warnings.html
======= 1 passed, 68 warnings in 0.79s =======
